<?xml version="1.0" encoding="UTF-8"?>
<!-- Generated by org.testng.reporters.JUnitXMLReporter -->
<testsuite ignored="0" hostname="RaviKonka" failures="0" tests="12" name="Surefire test" time="12.154" errors="0" timestamp="12 Feb 2024 00:42:51 GMT">
  <testcase classname="api.tests.DataDrivenTests" name="testPostUser" time="2.425"/>
  <testcase classname="api.tests.DataDrivenTests" name="testPostUser" time="0.29"/>
  <testcase classname="api.tests.DataDrivenTests" name="testPostUser" time="0.587"/>
  <testcase classname="api.tests.DataDrivenTests" name="testPostUser" time="2.071"/>
  <testcase classname="api.tests.UserTests" name="testCreateUser" time="1.722"/>
  <testcase classname="api.tests.DataDrivenTests" name="testDeleteUser" time="1.157"/>
  <testcase classname="api.tests.DataDrivenTests" name="testDeleteUser" time="0.285"/>
  <testcase classname="api.tests.DataDrivenTests" name="testDeleteUser" time="0.36"/>
  <testcase classname="api.tests.DataDrivenTests" name="testDeleteUser" time="0.263"/>
  <testcase classname="api.tests.UserTests" name="testGetUser" time="0.276"/>
  <testcase classname="api.tests.UserTests" name="testPutUser" time="0.57"/>
  <testcase classname="api.tests.UserTests" name="testDeleteUser" time="0.278"/>
</testsuite> <!-- Surefire test -->
