<?xml version="1.0" encoding="UTF-8"?>
<testsuite xmlns:xsi="http://www.w3.org/2001/XMLSchema-instance" xsi:noNamespaceSchemaLocation="https://maven.apache.org/surefire/maven-surefire-plugin/xsd/surefire-test-report-3.0.xsd" version="3.0" name="TestSuite" time="12.45" tests="12" errors="0" skipped="0" failures="0">
  <properties>
[...]
</properties>
  <testcase name="testPostUser[101, testuser1, John, Kennedy, a@gmail.com, test@1, 1234567](1)" classname="api.tests.DataDrivenTests" time="2.426"/>
  <testcase name="testPostUser[102, testuser2, Kim, kom, b@gmail.com, test@2, 1234567](2)" classname="api.tests.DataDrivenTests" time="0.288"/>
  <testcase name="testPostUser[103, testuser3, Smith, Steve, c@gmail.com, test@3, 1234567](3)" classname="api.tests.DataDrivenTests" time="0.588"/>
  <testcase name="testPostUser[104, testuser4, Veni, Konka, d@gmail.com, test@4, 1234567](4)" classname="api.tests.DataDrivenTests" time="2.071"/>
  <testcase name="testDeleteUser[testuser1](1)" classname="api.tests.DataDrivenTests" time="1.157"/>
  <testcase name="testDeleteUser[testuser2](2)" classname="api.tests.DataDrivenTests" time="0.285"/>
  <testcase name="testDeleteUser[testuser3](3)" classname="api.tests.DataDrivenTests" time="0.361"/>
  <testcase name="testDeleteUser[testuser4](4)" classname="api.tests.DataDrivenTests" time="0.264"/>
  <testcase name="testCreateUser" classname="api.tests.UserTests" time="1.737">
    <system-out><![CDATA[HTTP/1.1 200 OK
Date: Mon, 12 Feb 2024 00:42:48 GMT
Content-Type: application/json
Transfer-Encoding: chunked
Connection: keep-alive
Access-Control-Allow-Origin: *
Access-Control-Allow-Methods: GET, POST, DELETE, PUT
Access-Control-Allow-Headers: Content-Type, api_key, Authorization
Server: Jetty(9.2.9.v20150224)

{
    "code": 200,
    "type": "unknown",
    "message": "196340990"
}
]]></system-out>
  </testcase>
  <testcase name="testGetUser" classname="api.tests.UserTests" time="0.279">
    <system-out><![CDATA[HTTP/1.1 200 OK
Date: Mon, 12 Feb 2024 00:42:51 GMT
Content-Type: application/json
Transfer-Encoding: chunked
Connection: keep-alive
Access-Control-Allow-Origin: *
Access-Control-Allow-Methods: GET, POST, DELETE, PUT
Access-Control-Allow-Headers: Content-Type, api_key, Authorization
Server: Jetty(9.2.9.v20150224)

{
    "id": 196340990,
    "username": "elbert.kuhlman",
    "firstName": "Jack",
    "lastName": "Swaniawski",
    "email": "marg.schultz@example.com",
    "password": "an04sy767afan",
    "phone": "276.188.4553",
    "userStatus": 0
}
]]></system-out>
  </testcase>
  <testcase name="testPutUser" classname="api.tests.UserTests" time="0.566">
    <system-out><![CDATA[{
    "code": 200,
    "type": "unknown",
    "message": "196340990"
}
HTTP/1.1 200 OK
Date: Mon, 12 Feb 2024 00:42:51 GMT
Content-Type: application/json
Transfer-Encoding: chunked
Connection: keep-alive
Access-Control-Allow-Origin: *
Access-Control-Allow-Methods: GET, POST, DELETE, PUT
Access-Control-Allow-Headers: Content-Type, api_key, Authorization
Server: Jetty(9.2.9.v20150224)

{
    "id": 196340990,
    "username": "elbert.kuhlman",
    "firstName": "Gerda",
    "lastName": "Hettinger",
    "email": "carlos.jaskolski@example.com",
    "password": "an04sy767afan",
    "phone": "276.188.4553",
    "userStatus": 0
}
]]></system-out>
  </testcase>
  <testcase name="testDeleteUser" classname="api.tests.UserTests" time="0.279">
    <system-out><![CDATA[HTTP/1.1 200 OK
Date: Mon, 12 Feb 2024 00:42:51 GMT
Content-Type: application/json
Transfer-Encoding: chunked
Connection: keep-alive
Access-Control-Allow-Origin: *
Access-Control-Allow-Methods: GET, POST, DELETE, PUT
Access-Control-Allow-Headers: Content-Type, api_key, Authorization
Server: Jetty(9.2.9.v20150224)

{
    "code": 200,
    "type": "unknown",
    "message": "elbert.kuhlman"
}
]]></system-out>
  </testcase>
</testsuite>