<?xml version="1.0" encoding="UTF-8"?>
<testng-results ignored="0" total="12" passed="12" failed="0" skipped="0">
  <reporter-output>
  </reporter-output>
  <suite started-at="2024-02-12T00:42:39Z" name="Surefire suite" finished-at="2024-02-12T00:42:51Z" duration-ms="12154">
    <groups>
    </groups>
    <test started-at="2024-02-12T00:42:39Z" name="Surefire test" finished-at="2024-02-12T00:42:51Z" duration-ms="12154">
      <class name="api.tests.UserTests">
        <test-method is-config="true" signature="setUp()[pri:0, instance:api.tests.UserTests@3c9754d8]" started-at="2024-02-12T00:42:46Z" name="setUp" finished-at="2024-02-12T00:42:46Z" duration-ms="596" status="PASS">
          <reporter-output>
          </reporter-output>
        </test-method> <!-- setUp -->
        <test-method signature="testCreateUser()[pri:1, instance:api.tests.UserTests@3c9754d8]" started-at="2024-02-12T00:42:46Z" name="testCreateUser" finished-at="2024-02-12T00:42:48Z" duration-ms="1722" status="PASS">
          <reporter-output>
          </reporter-output>
        </test-method> <!-- testCreateUser -->
        <test-method signature="testGetUser()[pri:2, instance:api.tests.UserTests@3c9754d8]" started-at="2024-02-12T00:42:50Z" name="testGetUser" finished-at="2024-02-12T00:42:51Z" duration-ms="276" status="PASS">
          <reporter-output>
          </reporter-output>
        </test-method> <!-- testGetUser -->
        <test-method signature="testPutUser()[pri:3, instance:api.tests.UserTests@3c9754d8]" started-at="2024-02-12T00:42:51Z" name="testPutUser" finished-at="2024-02-12T00:42:51Z" duration-ms="570" status="PASS">
          <reporter-output>
          </reporter-output>
        </test-method> <!-- testPutUser -->
        <test-method signature="testDeleteUser()[pri:4, instance:api.tests.UserTests@3c9754d8]" started-at="2024-02-12T00:42:51Z" name="testDeleteUser" finished-at="2024-02-12T00:42:51Z" duration-ms="278" status="PASS">
          <reporter-output>
          </reporter-output>
        </test-method> <!-- testDeleteUser -->
      </class> <!-- api.tests.UserTests -->
      <class name="api.tests.DataDrivenTests">
        <test-method signature="testPostUser(java.lang.String, java.lang.String, java.lang.String, java.lang.String, java.lang.String, java.lang.String, java.lang.String)[pri:1, instance:api.tests.DataDrivenTests@7c6908d7]" started-at="2024-02-12T00:42:40Z" name="testPostUser" data-provider="Data" finished-at="2024-02-12T00:42:43Z" duration-ms="2425" status="PASS">
          <params>
            <param index="0">
              <value>
                <![CDATA[101]]>
              </value>
            </param>
            <param index="1">
              <value>
                <![CDATA[testuser1]]>
              </value>
            </param>
            <param index="2">
              <value>
                <![CDATA[John]]>
              </value>
            </param>
            <param index="3">
              <value>
                <![CDATA[Kennedy]]>
              </value>
            </param>
            <param index="4">
              <value>
                <![CDATA[a@gmail.com]]>
              </value>
            </param>
            <param index="5">
              <value>
                <![CDATA[test@1]]>
              </value>
            </param>
            <param index="6">
              <value>
                <![CDATA[1234567]]>
              </value>
            </param>
          </params>
          <reporter-output>
          </reporter-output>
        </test-method> <!-- testPostUser -->
        <test-method signature="testPostUser(java.lang.String, java.lang.String, java.lang.String, java.lang.String, java.lang.String, java.lang.String, java.lang.String)[pri:1, instance:api.tests.DataDrivenTests@7c6908d7]" started-at="2024-02-12T00:42:43Z" name="testPostUser" data-provider="Data" finished-at="2024-02-12T00:42:43Z" duration-ms="290" status="PASS">
          <params>
            <param index="0">
              <value>
                <![CDATA[102]]>
              </value>
            </param>
            <param index="1">
              <value>
                <![CDATA[testuser2]]>
              </value>
            </param>
            <param index="2">
              <value>
                <![CDATA[Kim]]>
              </value>
            </param>
            <param index="3">
              <value>
                <![CDATA[kom]]>
              </value>
            </param>
            <param index="4">
              <value>
                <![CDATA[b@gmail.com]]>
              </value>
            </param>
            <param index="5">
              <value>
                <![CDATA[test@2]]>
              </value>
            </param>
            <param index="6">
              <value>
                <![CDATA[1234567]]>
              </value>
            </param>
          </params>
          <reporter-output>
          </reporter-output>
        </test-method> <!-- testPostUser -->
        <test-method signature="testPostUser(java.lang.String, java.lang.String, java.lang.String, java.lang.String, java.lang.String, java.lang.String, java.lang.String)[pri:1, instance:api.tests.DataDrivenTests@7c6908d7]" started-at="2024-02-12T00:42:43Z" name="testPostUser" data-provider="Data" finished-at="2024-02-12T00:42:44Z" duration-ms="587" status="PASS">
          <params>
            <param index="0">
              <value>
                <![CDATA[103]]>
              </value>
            </param>
            <param index="1">
              <value>
                <![CDATA[testuser3]]>
              </value>
            </param>
            <param index="2">
              <value>
                <![CDATA[Smith]]>
              </value>
            </param>
            <param index="3">
              <value>
                <![CDATA[Steve]]>
              </value>
            </param>
            <param index="4">
              <value>
                <![CDATA[c@gmail.com]]>
              </value>
            </param>
            <param index="5">
              <value>
                <![CDATA[test@3]]>
              </value>
            </param>
            <param index="6">
              <value>
                <![CDATA[1234567]]>
              </value>
            </param>
          </params>
          <reporter-output>
          </reporter-output>
        </test-method> <!-- testPostUser -->
        <test-method signature="testPostUser(java.lang.String, java.lang.String, java.lang.String, java.lang.String, java.lang.String, java.lang.String, java.lang.String)[pri:1, instance:api.tests.DataDrivenTests@7c6908d7]" started-at="2024-02-12T00:42:44Z" name="testPostUser" data-provider="Data" finished-at="2024-02-12T00:42:46Z" duration-ms="2071" status="PASS">
          <params>
            <param index="0">
              <value>
                <![CDATA[104]]>
              </value>
            </param>
            <param index="1">
              <value>
                <![CDATA[testuser4]]>
              </value>
            </param>
            <param index="2">
              <value>
                <![CDATA[Veni]]>
              </value>
            </param>
            <param index="3">
              <value>
                <![CDATA[Konka]]>
              </value>
            </param>
            <param index="4">
              <value>
                <![CDATA[d@gmail.com]]>
              </value>
            </param>
            <param index="5">
              <value>
                <![CDATA[test@4]]>
              </value>
            </param>
            <param index="6">
              <value>
                <![CDATA[1234567]]>
              </value>
            </param>
          </params>
          <reporter-output>
          </reporter-output>
        </test-method> <!-- testPostUser -->
        <test-method signature="testDeleteUser(java.lang.String)[pri:2, instance:api.tests.DataDrivenTests@7c6908d7]" started-at="2024-02-12T00:42:48Z" name="testDeleteUser" data-provider="UserNames" finished-at="2024-02-12T00:42:49Z" duration-ms="1157" status="PASS">
          <params>
            <param index="0">
              <value>
                <![CDATA[testuser1]]>
              </value>
            </param>
          </params>
          <reporter-output>
          </reporter-output>
        </test-method> <!-- testDeleteUser -->
        <test-method signature="testDeleteUser(java.lang.String)[pri:2, instance:api.tests.DataDrivenTests@7c6908d7]" started-at="2024-02-12T00:42:49Z" name="testDeleteUser" data-provider="UserNames" finished-at="2024-02-12T00:42:50Z" duration-ms="285" status="PASS">
          <params>
            <param index="0">
              <value>
                <![CDATA[testuser2]]>
              </value>
            </param>
          </params>
          <reporter-output>
          </reporter-output>
        </test-method> <!-- testDeleteUser -->
        <test-method signature="testDeleteUser(java.lang.String)[pri:2, instance:api.tests.DataDrivenTests@7c6908d7]" started-at="2024-02-12T00:42:50Z" name="testDeleteUser" data-provider="UserNames" finished-at="2024-02-12T00:42:50Z" duration-ms="360" status="PASS">
          <params>
            <param index="0">
              <value>
                <![CDATA[testuser3]]>
              </value>
            </param>
          </params>
          <reporter-output>
          </reporter-output>
        </test-method> <!-- testDeleteUser -->
        <test-method signature="testDeleteUser(java.lang.String)[pri:2, instance:api.tests.DataDrivenTests@7c6908d7]" started-at="2024-02-12T00:42:50Z" name="testDeleteUser" data-provider="UserNames" finished-at="2024-02-12T00:42:50Z" duration-ms="263" status="PASS">
          <params>
            <param index="0">
              <value>
                <![CDATA[testuser4]]>
              </value>
            </param>
          </params>
          <reporter-output>
          </reporter-output>
        </test-method> <!-- testDeleteUser -->
      </class> <!-- api.tests.DataDrivenTests -->
    </test> <!-- Surefire test -->
  </suite> <!-- Surefire suite -->
</testng-results>
