<?xml version="1.0" encoding="UTF-8"?>
<testng-results ignored="0" total="4" passed="4" failed="0" skipped="0">
  <reporter-output>
  </reporter-output>
  <suite started-at="2024-02-12T00:41:28Z" name="PetStoreSuite" finished-at="2024-02-12T00:41:35Z" duration-ms="7530">
    <groups>
    </groups>
    <test started-at="2024-02-12T00:41:28Z" name="PetStoreTests" finished-at="2024-02-12T00:41:35Z" duration-ms="7530">
      <class name="api.tests.UserTests2">
        <test-method is-config="true" signature="setUp()[pri:0, instance:api.tests.UserTests2@37e4d7bb]" started-at="2024-02-12T00:41:28Z" name="setUp" finished-at="2024-02-12T00:41:29Z" duration-ms="784" status="PASS">
          <reporter-output>
          </reporter-output>
        </test-method> <!-- setUp -->
        <test-method signature="testCreateUser()[pri:1, instance:api.tests.UserTests2@37e4d7bb]" started-at="2024-02-12T00:41:29Z" name="testCreateUser" finished-at="2024-02-12T00:41:31Z" duration-ms="1938" status="PASS">
          <reporter-output>
          </reporter-output>
        </test-method> <!-- testCreateUser -->
        <test-method signature="testGetUser()[pri:2, instance:api.tests.UserTests2@37e4d7bb]" started-at="2024-02-12T00:41:31Z" name="testGetUser" finished-at="2024-02-12T00:41:31Z" duration-ms="515" status="PASS">
          <reporter-output>
          </reporter-output>
        </test-method> <!-- testGetUser -->
        <test-method signature="testPutUser()[pri:3, instance:api.tests.UserTests2@37e4d7bb]" started-at="2024-02-12T00:41:31Z" name="testPutUser" finished-at="2024-02-12T00:41:34Z" duration-ms="2583" status="PASS">
          <reporter-output>
          </reporter-output>
        </test-method> <!-- testPutUser -->
        <test-method signature="testDeleteUser()[pri:4, instance:api.tests.UserTests2@37e4d7bb]" started-at="2024-02-12T00:41:34Z" name="testDeleteUser" finished-at="2024-02-12T00:41:35Z" duration-ms="1386" status="PASS">
          <reporter-output>
          </reporter-output>
        </test-method> <!-- testDeleteUser -->
      </class> <!-- api.tests.UserTests2 -->
    </test> <!-- PetStoreTests -->
  </suite> <!-- PetStoreSuite -->
</testng-results>
